build/app/outputs/mapping/release/mapping.txt
# compiler: R8
# compiler_version: 2.1.62
# min_api: 20
# pg_map_id: a33c576
# common_typos_disable
...
com.google.android.gms.dynamic.zag -> b.a.a.a.c.j:
    com.google.android.gms.dynamic.DeferredLifecycleHelper zarj -> a
    int getState() -> a
    void zaa(com.google.android.gms.dynamic.LifecycleDelegate) -> b
com.google.android.gms.dynamite.DynamiteModule -> com.google.android.gms.dynamite.DynamiteModule:
    android.content.Context zzin -> a
    com.google.android.gms.dynamite.DynamiteModule$VersionPolicy$zza zzil -> h
    com.google.android.gms.dynamite.zzi zzig -> c
    int zzij -> f
    java.lang.ThreadLocal zzik -> g
    com.google.android.gms.dynamite.zzk zzih -> d
    com.google.android.gms.dynamite.DynamiteModule$VersionPolicy PREFER_REMOTE -> i
    java.lang.String zzii -> e
    java.lang.Boolean zzif -> b
    int getLocalVersion(android.content.Context,java.lang.String) -> a
    android.content.Context getModuleContext() -> b
    com.google.android.gms.dynamite.DynamiteModule load(android.content.Context,com.google.android.gms.dynamite.DynamiteModule$VersionPolicy,java.lang.String) -> c
    int zza(android.content.Context,java.lang.String,boolean) -> d
    com.google.android.gms.dynamite.DynamiteModule zza(android.content.Context,java.lang.String,int) -> e
    void zza(java.lang.ClassLoader) -> f
    java.lang.Boolean zzaj() -> g
    int zzb(android.content.Context,java.lang.String,boolean) -> h
    com.google.android.gms.dynamite.DynamiteModule zzb(android.content.Context,java.lang.String,int) -> i
    int zzc(android.content.Context,java.lang.String,boolean) -> j
    com.google.android.gms.dynamite.DynamiteModule zze(android.content.Context,java.lang.String) -> k
    com.google.android.gms.dynamite.zzi zzj(android.content.Context) -> l
com.google.android.gms.dynamite.DynamiteModule$LoadingException -> com.google.android.gms.dynamite.DynamiteModule$a:
com.google.android.gms.dynamite.DynamiteModule$VersionPolicy -> com.google.android.gms.dynamite.DynamiteModule$b:
    com.google.android.gms.dynamite.DynamiteModule$VersionPolicy$zzb zza(android.content.Context,java.lang.String,com.google.android.gms.dynamite.DynamiteModule$VersionPolicy$zza) -> a
com.google.android.gms.dynamite.DynamiteModule$VersionPolicy$zza -> com.google.android.gms.dynamite.DynamiteModule$b$a:
    int getLocalVersion(android.content.Context,java.lang.String) -> a
    int zza(android.content.Context,java.lang.String,boolean) -> b
com.google.android.gms.dynamite.DynamiteModule$VersionPolicy$zzb -> com.google.android.gms.dynamite.DynamiteModule$b$b:
    int zzis -> b
    int zzit -> c
    int zzir -> a
com.google.android.gms.dynamite.DynamiteModule$zza -> com.google.android.gms.dynamite.DynamiteModule$c:
    android.database.Cursor zzio -> a
com.google.android.gms.dynamite.DynamiteModule$zzb -> com.google.android.gms.dynamite.DynamiteModule$d:
    int zzip -> a
    int getLocalVersion(android.content.Context,java.lang.String) -> a
    int zza(android.content.Context,java.lang.String,boolean) -> b
com.google.android.gms.dynamite.zza -> com.google.android.gms.dynamite.a:
    int getLocalVersion(android.content.Context,java.lang.String) -> a
    int zza(android.content.Context,java.lang.String,boolean) -> b
com.google.android.gms.dynamite.zzb -> com.google.android.gms.dynamite.b:
    com.google.android.gms.dynamite.DynamiteModule$VersionPolicy$zzb zza(android.content.Context,java.lang.String,com.google.android.gms.dynamite.DynamiteModule$VersionPolicy$zza) -> a
com.google.android.gms.dynamite.zzh -> com.google.android.gms.dynamite.c: