build/app/outputs/mapping/release/usage.txt
com.example.testeee.R$color
com.example.testeee.R$layout
com.example.testeee.R
com.example.testeee.R$mipmap
com.example.testeee.R$styleable
com.example.testeee.R$id
com.example.testeee.BuildConfig
com.example.testeee.R$attr
com.example.testeee.R$string
com.example.testeee.R$integer
com.example.testeee.R$drawable
com.example.testeee.R$dimen
com.example.testeee.R$style
...
kotlin.sequences.SequencesKt___SequencesKt$minus$3$iterator$1
androidx.core.app.ShareCompat$IntentReader
androidx.annotation.MainThread
io.flutter.app.FlutterActivity
androidx.core.app.BundleCompat$BundleCompatBaseImpl
kotlin.reflect.ParameterizedTypeImpl
kotlin.sequences.EmptySequence
kotlin.text.StringsKt__StringNumberConversionsJVMKt
io.flutter.embedding.android.FlutterView:
    public void <init>(android.content.Context)
    public void <init>(android.content.Context,io.flutter.embedding.android.FlutterView$RenderMode)
    public void <init>(android.content.Context,io.flutter.embedding.android.FlutterView$TransparencyMode)
    public void <init>(android.content.Context,io.flutter.embedding.android.FlutterImageView)
    public void <init>(android.content.Context,android.util.AttributeSet)
    public void <init>(android.content.Context,io.flutter.embedding.android.FlutterView$RenderMode,io.flutter.embedding.android.FlutterView$TransparencyMode)
    private void <init>(android.content.Context,android.util.AttributeSet,io.flutter.embedding.android.FlutterImageView)
    private android.view.View findViewByAccessibilityIdRootedAtCurrentView(int,android.view.View)
    public android.view.View findViewByAccessibilityIdTraversal(int)
    private static final java.lang.String TAG
com.google.android.gms.location.LocationSettingsStates:
    public static com.google.android.gms.location.LocationSettingsStates fromIntent(android.content.Intent)
    public final boolean isLocationUsable()
    public final boolean isLocationPresent()
androidx.core.text.BidiFormatter$Builder
kotlin.jvm.functions.FunctionN
com.google.android.gms.common.api.Api$ApiOptions$NotRequiredOptions
io.flutter.embedding.engine.mutatorsstack.FlutterMutatorView:
    public void <init>(android.content.Context)
kotlin.collections.MapWithDefaultImpl
com.google.android.gms.internal.maps.zzab:
    public final java.util.List getPoints()
    public final float getWidth()
    public final int getColor()
    public final float getZIndex()
    public final boolean isVisible()
    public final boolean isGeodesic()
    public final boolean isClickable()
    public final com.google.android.gms.maps.model.Cap getStartCap()
    public final com.google.android.gms.maps.model.Cap getEndCap()
    public final int getJointType()
    public final java.util.List getPattern()
    public final void zze(com.google.android.gms.dynamic.IObjectWrapper)
    public final com.google.android.gms.dynamic.IObjectWrapper zzk()
kotlin.random.RandomKt
kotlin.reflect.TypesJVMKt$WhenMappings
kotlin.jvm.internal.PropertyReference1
io.flutter.embedding.android.FlutterFragmentActivity$CachedEngineIntentBuilder
kotlin.UNumbersKt
androidx.core.telephony.mbms.MbmsHelper
kotlin.sequences.TakeWhileSequence
androidx.fragment.app.FragmentManagerImpl$FragmentLifecycleCallbacksHolder:
    void <init>(androidx.fragment.app.FragmentManager$FragmentLifecycleCallbacks,boolean)
com.google.android.gms.common.api.internal.zaak
com.google.android.gms.maps.R
com.google.android.gms.common.api.Api$SimpleClient:
    public abstract android.content.Context getContext()
com.google.android.gms.common.api.BatchResultToken
com.google.android.gms.internal.location.zzu
androidx.annotation.NonNull
kotlin.properties.Delegates$observable$1
androidx.core.R$string
com.google.android.gms.maps.internal.zzx
com.lyokone.location.R$dimen
androidx.arch.core.executor.DefaultTaskExecutor$1:
    private static final java.lang.String THREAD_NAME_STEM
com.google.android.gms.common.server.response.FastJsonResponse
androidx.core.util.Pools$SimplePool
kotlin.collections.ArraysKt___ArraysKt$withIndex$8
com.google.android.gms.internal.base.zag
com.google.android.gms.common.server.response.zae
androidx.core.text.TextDirectionHeuristicsCompat$TextDirectionHeuristicImpl
androidx.core.text.util.LinkifyCompat
androidx.lifecycle.livedata.core.R
androidx.savedstate.Recreator$SavedStateProvider
kotlin.jvm.internal.MutablePropertyReference0